This file contains any messages produced by compilers while
running configure, to aid debugging if configure makes a mistake.

It was created by gtk+ configure 3.0.0, which was
generated by GNU Autoconf 2.68.  Invocation command line was

  $ ./configure 

## --------- ##
## Platform. ##
## --------- ##

hostname = ubuntu
uname -m = x86_64
uname -r = 4.4.0-121-generic
uname -s = Linux
uname -v = #145-Ubuntu SMP Fri Apr 13 13:47:23 UTC 2018

/usr/bin/uname -p = unknown
/bin/uname -X     = unknown

/bin/arch              = unknown
/usr/bin/arch -k       = unknown
/usr/convex/getsysinfo = unknown
/usr/bin/hostinfo      = unknown
/bin/machine           = unknown
/usr/bin/oslevel       = unknown
/bin/universe          = unknown

PATH: /home/marvelous/bin
PATH: /home/marvelous/.local/bin
PATH: /usr/local/sbin
PATH: /usr/local/bin
PATH: /usr/sbin
PATH: /usr/bin
PATH: /sbin
PATH: /bin
PATH: /usr/games
PATH: /usr/local/games
PATH: /snap/bin
PATH: ~/.composer/vendor/bin


## ----------- ##
## Core tests. ##
## ----------- ##

configure:2787: checking for a BSD-compatible install
configure:2855: result: /usr/bin/install -c
configure:2866: checking whether build environment is sane
configure:2916: result: yes
configure:3057: checking for a thread-safe mkdir -p
configure:3096: result: /bin/mkdir -p
configure:3109: checking for gawk
configure:3125: found /usr/bin/gawk
configure:3136: result: gawk
configure:3147: checking whether make sets $(MAKE)
configure:3169: result: yes
configure:3241: checking whether to disable maintainer-specific portions of Makefiles
configure:3250: result: yes
configure:3382: checking for gcc
configure:3398: found /usr/bin/gcc
configure:3409: result: gcc
configure:3638: checking for C compiler version
configure:3647: gcc --version >&5
gcc (Ubuntu 5.4.0-6ubuntu1~16.04.9) 5.4.0 20160609
Copyright (C) 2015 Free Software Foundation, Inc.
This is free software; see the source for copying conditions.  There is NO
warranty; not even for MERCHANTABILITY or FITNESS FOR A PARTICULAR PURPOSE.

configure:3658: $? = 0
configure:3647: gcc -v >&5
Using built-in specs.
COLLECT_GCC=gcc
COLLECT_LTO_WRAPPER=/usr/lib/gcc/x86_64-linux-gnu/5/lto-wrapper
Target: x86_64-linux-gnu
Configured with: ../src/configure -v --with-pkgversion='Ubuntu 5.4.0-6ubuntu1~16.04.9' --with-bugurl=file:///usr/share/doc/gcc-5/README.Bugs --enable-languages=c,ada,c++,java,go,d,fortran,objc,obj-c++ --prefix=/usr --program-suffix=-5 --enable-shared --enable-linker-build-id --libexecdir=/usr/lib --without-included-gettext --enable-threads=posix --libdir=/usr/lib --enable-nls --with-sysroot=/ --enable-clocale=gnu --enable-libstdcxx-debug --enable-libstdcxx-time=yes --with-default-libstdcxx-abi=new --enable-gnu-unique-object --disable-vtable-verify --enable-libmpx --enable-plugin --with-system-zlib --disable-browser-plugin --enable-java-awt=gtk --enable-gtk-cairo --with-java-home=/usr/lib/jvm/java-1.5.0-gcj-5-amd64/jre --enable-java-home --with-jvm-root-dir=/usr/lib/jvm/java-1.5.0-gcj-5-amd64 --with-jvm-jar-dir=/usr/lib/jvm-exports/java-1.5.0-gcj-5-amd64 --with-arch-directory=amd64 --with-ecj-jar=/usr/share/java/eclipse-ecj.jar --enable-objc-gc --enable-multiarch --disable-werror --with-arch-32=i686 --with-abi=m64 --with-multilib-list=m32,m64,mx32 --enable-multilib --with-tune=generic --enable-checking=release --build=x86_64-linux-gnu --host=x86_64-linux-gnu --target=x86_64-linux-gnu
Thread model: posix
gcc version 5.4.0 20160609 (Ubuntu 5.4.0-6ubuntu1~16.04.9) 
configure:3658: $? = 0
configure:3647: gcc -V >&5
gcc: error: unrecognized command line option '-V'
gcc: fatal error: no input files
compilation terminated.
configure:3658: $? = 1
configure:3647: gcc -qversion >&5
gcc: error: unrecognized command line option '-qversion'
gcc: fatal error: no input files
compilation terminated.
configure:3658: $? = 1
configure:3678: checking whether the C compiler works
configure:3700: gcc    conftest.c  >&5
configure:3704: $? = 0
configure:3752: result: yes
configure:3755: checking for C compiler default output file name
configure:3757: result: a.out
configure:3763: checking for suffix of executables
configure:3770: gcc -o conftest    conftest.c  >&5
configure:3774: $? = 0
configure:3796: result: 
configure:3818: checking whether we are cross compiling
configure:3826: gcc -o conftest    conftest.c  >&5
configure:3830: $? = 0
configure:3837: ./conftest
configure:3841: $? = 0
configure:3856: result: no
configure:3861: checking for suffix of object files
configure:3883: gcc -c   conftest.c >&5
configure:3887: $? = 0
configure:3908: result: o
configure:3912: checking whether we are using the GNU C compiler
configure:3931: gcc -c   conftest.c >&5
configure:3931: $? = 0
configure:3940: result: yes
configure:3949: checking whether gcc accepts -g
configure:3969: gcc -c -g  conftest.c >&5
configure:3969: $? = 0
configure:4010: result: yes
configure:4027: checking for gcc option to accept ISO C89
configure:4091: gcc  -c -g -O2  conftest.c >&5
configure:4091: $? = 0
configure:4104: result: none needed
configure:4135: checking for style of include used by make
configure:4163: result: GNU
configure:4188: checking dependency style of gcc
configure:4298: result: gcc3
configure:4314: checking whether gcc and cc understand -c and -o together
configure:4345: gcc -c conftest.c -o conftest2.o >&5
configure:4349: $? = 0
configure:4355: gcc -c conftest.c -o conftest2.o >&5
configure:4359: $? = 0
configure:4370: cc -c conftest.c >&5
configure:4374: $? = 0
configure:4382: cc -c conftest.c -o conftest2.o >&5
configure:4386: $? = 0
configure:4392: cc -c conftest.c -o conftest2.o >&5
configure:4396: $? = 0
configure:4414: result: yes
configure:4428: checking for gcc option to accept ISO C99
configure:4577: gcc  -c -g -O2  conftest.c >&5
configure:4577: $? = 0
configure:4590: result: none needed
configure:4699: checking for gcc option to accept ISO Standard C
configure:4710: result: none needed
configure:4718: checking whether make sets $(MAKE)
configure:4740: result: yes
configure:4763: checking build system type
configure:4777: result: x86_64-unknown-linux-gnu
configure:4797: checking host system type
configure:4810: result: x86_64-unknown-linux-gnu
configure:4832: checking for native Win32
configure:4852: result: no
configure:4913: checking for c++
configure:4929: found /usr/bin/c++
configure:4940: result: c++
configure:5083: checking for C++ compiler version
configure:5092: c++ --version >&5
c++ (Ubuntu 5.4.0-6ubuntu1~16.04.9) 5.4.0 20160609
Copyright (C) 2015 Free Software Foundation, Inc.
This is free software; see the source for copying conditions.  There is NO
warranty; not even for MERCHANTABILITY or FITNESS FOR A PARTICULAR PURPOSE.

configure:5103: $? = 0
configure:5092: c++ -v >&5
Using built-in specs.
COLLECT_GCC=c++
COLLECT_LTO_WRAPPER=/usr/lib/gcc/x86_64-linux-gnu/5/lto-wrapper
Target: x86_64-linux-gnu
Configured with: ../src/configure -v --with-pkgversion='Ubuntu 5.4.0-6ubuntu1~16.04.9' --with-bugurl=file:///usr/share/doc/gcc-5/README.Bugs --enable-languages=c,ada,c++,java,go,d,fortran,objc,obj-c++ --prefix=/usr --program-suffix=-5 --enable-shared --enable-linker-build-id --libexecdir=/usr/lib --without-included-gettext --enable-threads=posix --libdir=/usr/lib --enable-nls --with-sysroot=/ --enable-clocale=gnu --enable-libstdcxx-debug --enable-libstdcxx-time=yes --with-default-libstdcxx-abi=new --enable-gnu-unique-object --disable-vtable-verify --enable-libmpx --enable-plugin --with-system-zlib --disable-browser-plugin --enable-java-awt=gtk --enable-gtk-cairo --with-java-home=/usr/lib/jvm/java-1.5.0-gcj-5-amd64/jre --enable-java-home --with-jvm-root-dir=/usr/lib/jvm/java-1.5.0-gcj-5-amd64 --with-jvm-jar-dir=/usr/lib/jvm-exports/java-1.5.0-gcj-5-amd64 --with-arch-directory=amd64 --with-ecj-jar=/usr/share/java/eclipse-ecj.jar --enable-objc-gc --enable-multiarch --disable-werror --with-arch-32=i686 --with-abi=m64 --with-multilib-list=m32,m64,mx32 --enable-multilib --with-tune=generic --enable-checking=release --build=x86_64-linux-gnu --host=x86_64-linux-gnu --target=x86_64-linux-gnu
Thread model: posix
gcc version 5.4.0 20160609 (Ubuntu 5.4.0-6ubuntu1~16.04.9) 
configure:5103: $? = 0
configure:5092: c++ -V >&5
c++: error: unrecognized command line option '-V'
c++: fatal error: no input files
compilation terminated.
configure:5103: $? = 1
configure:5092: c++ -qversion >&5
c++: error: unrecognized command line option '-qversion'
c++: fatal error: no input files
compilation terminated.
configure:5103: $? = 1
configure:5107: checking whether we are using the GNU C++ compiler
configure:5126: c++ -c   conftest.cpp >&5
configure:5126: $? = 0
configure:5135: result: yes
configure:5144: checking whether c++ accepts -g
configure:5164: c++ -c -g  conftest.cpp >&5
configure:5164: $? = 0
configure:5205: result: yes
configure:5230: checking dependency style of c++
configure:5340: result: gcc3
configure:5367: c++ -c -g -O2  conftest.cpp >&5
configure:5367: $? = 0
configure:5395: c++ -c -g -O2 -x objective-c++  conftest.cpp >&5
c++: error trying to exec 'cc1objplus': execvp: No such file or directory
configure:5395: $? = 1
configure: failed program was:
| /* confdefs.h */
| #define PACKAGE_NAME "gtk+"
| #define PACKAGE_TARNAME "gtk+"
| #define PACKAGE_VERSION "3.0.0"
| #define PACKAGE_STRING "gtk+ 3.0.0"
| #define PACKAGE_BUGREPORT "http://bugzilla.gnome.org/enter_bug.cgi?product=gtk%2B"
| #define PACKAGE_URL ""
| #define GETTEXT_PACKAGE "gtk30"
| /* end confdefs.h.  */
| @interface Foo @end
| int
| main ()
| {
| 
|   ;
|   return 0;
| }
configure:5477: checking how to print strings
configure:5504: result: printf
configure:5525: checking for a sed that does not truncate output
configure:5589: result: /bin/sed
configure:5607: checking for grep that handles long lines and -e
configure:5665: result: /bin/grep
configure:5670: checking for egrep
configure:5732: result: /bin/grep -E
configure:5737: checking for fgrep
configure:5799: result: /bin/grep -F
configure:5834: checking for ld used by gcc
configure:5901: result: /usr/bin/ld
configure:5908: checking if the linker (/usr/bin/ld) is GNU ld
configure:5923: result: yes
configure:5935: checking for BSD- or MS-compatible name lister (nm)
configure:5984: result: /usr/bin/nm -B
configure:6114: checking the name lister (/usr/bin/nm -B) interface
configure:6121: gcc -c -g -O2  conftest.c >&5
configure:6124: /usr/bin/nm -B "conftest.o"
configure:6127: output
0000000000000000 B some_variable
configure:6134: result: BSD nm
configure:6137: checking whether ln -s works
configure:6141: result: yes
configure:6149: checking the maximum length of command line arguments
configure:6274: result: 1572864
configure:6291: checking whether the shell understands some XSI constructs
configure:6301: result: yes
configure:6305: checking whether the shell understands "+="
configure:6311: result: yes
configure:6346: checking how to convert x86_64-unknown-linux-gnu file names to x86_64-unknown-linux-gnu format
configure:6386: result: func_convert_file_noop
configure:6393: checking how to convert x86_64-unknown-linux-gnu file names to toolchain format
configure:6413: result: func_convert_file_noop
configure:6420: checking for /usr/bin/ld option to reload object files
configure:6427: result: -r
configure:6501: checking for objdump
configure:6517: found /usr/bin/objdump
configure:6528: result: objdump
configure:6557: checking how to recognize dependent libraries
configure:6759: result: pass_all
configure:6844: checking for dlltool
configure:6874: result: no
configure:6901: checking how to associate runtime and link libraries
configure:6928: result: printf %s\n
configure:6989: checking for ar
configure:7005: found /usr/bin/ar
configure:7016: result: ar
configure:7053: checking for archiver @FILE support
configure:7070: gcc -c -g -O2  conftest.c >&5
configure:7070: $? = 0
configure:7073: ar cru libconftest.a @conftest.lst >&5
ar: `u' modifier ignored since `D' is the default (see `U')
configure:7076: $? = 0
configure:7081: ar cru libconftest.a @conftest.lst >&5
ar: `u' modifier ignored since `D' is the default (see `U')
ar: conftest.o: No such file or directory
configure:7084: $? = 1
configure:7096: result: @
configure:7154: checking for strip
configure:7170: found /usr/bin/strip
configure:7181: result: strip
configure:7253: checking for ranlib
configure:7269: found /usr/bin/ranlib
configure:7280: result: ranlib
configure:7382: checking command to parse /usr/bin/nm -B output from gcc object
configure:7501: gcc -c -g -O2  conftest.c >&5
configure:7504: $? = 0
configure:7508: /usr/bin/nm -B conftest.o \| sed -n -e 's/^.*[ ]\([ABCDGIRSTW][ABCDGIRSTW]*\)[ ][ ]*\([_A-Za-z][_A-Za-z0-9]*\)$/\1 \2 \2/p' | sed '/ __gnu_lto/d' \> conftest.nm
configure:7511: $? = 0
configure:7577: gcc -o conftest -g -O2   conftest.c conftstm.o >&5
configure:7580: $? = 0
configure:7618: result: ok
configure:7655: checking for sysroot
configure:7685: result: no
configure:7762: gcc -c -g -O2  conftest.c >&5
configure:7765: $? = 0
configure:7928: checking for mt
configure:7944: found /bin/mt
configure:7955: result: mt
configure:7978: checking if mt is a manifest tool
configure:7984: mt '-?'
configure:7992: result: no
configure:8624: checking how to run the C preprocessor
configure:8655: gcc -E  conftest.c
configure:8655: $? = 0
configure:8669: gcc -E  conftest.c
conftest.c:10:28: fatal error: ac_nonexistent.h: No such file or directory
compilation terminated.
configure:8669: $? = 1
configure: failed program was:
| /* confdefs.h */
| #define PACKAGE_NAME "gtk+"
| #define PACKAGE_TARNAME "gtk+"
| #define PACKAGE_VERSION "3.0.0"
| #define PACKAGE_STRING "gtk+ 3.0.0"
| #define PACKAGE_BUGREPORT "http://bugzilla.gnome.org/enter_bug.cgi?product=gtk%2B"
| #define PACKAGE_URL ""
| #define GETTEXT_PACKAGE "gtk30"
| /* end confdefs.h.  */
| #include <ac_nonexistent.h>
configure:8694: result: gcc -E
configure:8714: gcc -E  conftest.c
configure:8714: $? = 0
configure:8728: gcc -E  conftest.c
conftest.c:10:28: fatal error: ac_nonexistent.h: No such file or directory
compilation terminated.
configure:8728: $? = 1
configure: failed program was:
| /* confdefs.h */
| #define PACKAGE_NAME "gtk+"
| #define PACKAGE_TARNAME "gtk+"
| #define PACKAGE_VERSION "3.0.0"
| #define PACKAGE_STRING "gtk+ 3.0.0"
| #define PACKAGE_BUGREPORT "http://bugzilla.gnome.org/enter_bug.cgi?product=gtk%2B"
| #define PACKAGE_URL ""
| #define GETTEXT_PACKAGE "gtk30"
| /* end confdefs.h.  */
| #include <ac_nonexistent.h>
configure:8757: checking for ANSI C header files
configure:8777: gcc -c -g -O2  conftest.c >&5
configure:8777: $? = 0
configure:8850: gcc -o conftest -g -O2   conftest.c  >&5
configure:8850: $? = 0
configure:8850: ./conftest
configure:8850: $? = 0
configure:8861: result: yes
configure:8874: checking for sys/types.h
configure:8874: gcc -c -g -O2  conftest.c >&5
configure:8874: $? = 0
configure:8874: result: yes
configure:8874: checking for sys/stat.h
configure:8874: gcc -c -g -O2  conftest.c >&5
configure:8874: $? = 0
configure:8874: result: yes
configure:8874: checking for stdlib.h
configure:8874: gcc -c -g -O2  conftest.c >&5
configure:8874: $? = 0
configure:8874: result: yes
configure:8874: checking for string.h
configure:8874: gcc -c -g -O2  conftest.c >&5
configure:8874: $? = 0
configure:8874: result: yes
configure:8874: checking for memory.h
configure:8874: gcc -c -g -O2  conftest.c >&5
configure:8874: $? = 0
configure:8874: result: yes
configure:8874: checking for strings.h
configure:8874: gcc -c -g -O2  conftest.c >&5
configure:8874: $? = 0
configure:8874: result: yes
configure:8874: checking for inttypes.h
configure:8874: gcc -c -g -O2  conftest.c >&5
configure:8874: $? = 0
configure:8874: result: yes
configure:8874: checking for stdint.h
configure:8874: gcc -c -g -O2  conftest.c >&5
configure:8874: $? = 0
configure:8874: result: yes
configure:8874: checking for unistd.h
configure:8874: gcc -c -g -O2  conftest.c >&5
configure:8874: $? = 0
configure:8874: result: yes
configure:8888: checking for dlfcn.h
configure:8888: gcc -c -g -O2  conftest.c >&5
configure:8888: $? = 0
configure:8888: result: yes
configure:9382: checking for objdir
configure:9397: result: .libs
configure:9668: checking if gcc supports -fno-rtti -fno-exceptions
configure:9686: gcc -c -g -O2  -fno-rtti -fno-exceptions conftest.c >&5
cc1: warning: command line option '-fno-rtti' is valid for C++/ObjC++ but not for C
configure:9690: $? = 0
configure:9703: result: no
configure:10013: checking for gcc option to produce PIC
configure:10020: result: -fPIC -DPIC
configure:10028: checking if gcc PIC flag -fPIC -DPIC works
configure:10046: gcc -c -g -O2  -fPIC -DPIC -DPIC conftest.c >&5
configure:10050: $? = 0
configure:10063: result: yes
configure:10092: checking if gcc static flag -static works
configure:10120: result: yes
configure:10135: checking if gcc supports -c -o file.o
configure:10156: gcc -c -g -O2  -o out/conftest2.o conftest.c >&5
configure:10160: $? = 0
configure:10182: result: yes
configure:10190: checking if gcc supports -c -o file.o
configure:10237: result: yes
configure:10270: checking whether the gcc linker (/usr/bin/ld -m elf_x86_64) supports shared libraries
configure:11428: result: yes
configure:11465: checking whether -lc should be explicitly linked in
configure:11473: gcc -c -g -O2  conftest.c >&5
configure:11476: $? = 0
configure:11491: gcc -shared  -fPIC -DPIC conftest.o  -v -Wl,-soname -Wl,conftest -o conftest 2\>\&1 \| /bin/grep  -lc  \>/dev/null 2\>\&1
configure:11494: $? = 0
configure:11508: result: no
configure:11673: checking dynamic linker characteristics
configure:12187: gcc -o conftest -g -O2   -Wl,-rpath -Wl,/foo conftest.c  >&5
configure:12187: $? = 0
configure:12413: result: GNU/Linux ld.so
configure:12520: checking how to hardcode library paths into programs
configure:12545: result: immediate
configure:13085: checking whether stripping libraries is possible
configure:13090: result: yes
configure:13125: checking if libtool supports shared libraries
configure:13127: result: yes
configure:13130: checking whether to build shared libraries
configure:13151: result: yes
configure:13154: checking whether to build static libraries
configure:13158: result: no
configure:13181: checking how to run the C++ preprocessor
configure:13208: c++ -E  conftest.cpp
configure:13208: $? = 0
configure:13222: c++ -E  conftest.cpp
conftest.cpp:22:28: fatal error: ac_nonexistent.h: No such file or directory
compilation terminated.
configure:13222: $? = 1
configure: failed program was:
| /* confdefs.h */
| #define PACKAGE_NAME "gtk+"
| #define PACKAGE_TARNAME "gtk+"
| #define PACKAGE_VERSION "3.0.0"
| #define PACKAGE_STRING "gtk+ 3.0.0"
| #define PACKAGE_BUGREPORT "http://bugzilla.gnome.org/enter_bug.cgi?product=gtk%2B"
| #define PACKAGE_URL ""
| #define GETTEXT_PACKAGE "gtk30"
| #define STDC_HEADERS 1
| #define HAVE_SYS_TYPES_H 1
| #define HAVE_SYS_STAT_H 1
| #define HAVE_STDLIB_H 1
| #define HAVE_STRING_H 1
| #define HAVE_MEMORY_H 1
| #define HAVE_STRINGS_H 1
| #define HAVE_INTTYPES_H 1
| #define HAVE_STDINT_H 1
| #define HAVE_UNISTD_H 1
| #define HAVE_DLFCN_H 1
| #define LT_OBJDIR ".libs/"
| /* end confdefs.h.  */
| #include <ac_nonexistent.h>
configure:13247: result: c++ -E
configure:13267: c++ -E  conftest.cpp
configure:13267: $? = 0
configure:13281: c++ -E  conftest.cpp
conftest.cpp:22:28: fatal error: ac_nonexistent.h: No such file or directory
compilation terminated.
configure:13281: $? = 1
configure: failed program was:
| /* confdefs.h */
| #define PACKAGE_NAME "gtk+"
| #define PACKAGE_TARNAME "gtk+"
| #define PACKAGE_VERSION "3.0.0"
| #define PACKAGE_STRING "gtk+ 3.0.0"
| #define PACKAGE_BUGREPORT "http://bugzilla.gnome.org/enter_bug.cgi?product=gtk%2B"
| #define PACKAGE_URL ""
| #define GETTEXT_PACKAGE "gtk30"
| #define STDC_HEADERS 1
| #define HAVE_SYS_TYPES_H 1
| #define HAVE_SYS_STAT_H 1
| #define HAVE_STDLIB_H 1
| #define HAVE_STRING_H 1
| #define HAVE_MEMORY_H 1
| #define HAVE_STRINGS_H 1
| #define HAVE_INTTYPES_H 1
| #define HAVE_STDINT_H 1
| #define HAVE_UNISTD_H 1
| #define HAVE_DLFCN_H 1
| #define LT_OBJDIR ".libs/"
| /* end confdefs.h.  */
| #include <ac_nonexistent.h>
configure:13451: checking for ld used by c++
configure:13518: result: /usr/bin/ld -m elf_x86_64
configure:13525: checking if the linker (/usr/bin/ld -m elf_x86_64) is GNU ld
configure:13540: result: yes
configure:13595: checking whether the c++ linker (/usr/bin/ld -m elf_x86_64) supports shared libraries
configure:14599: result: yes
configure:14634: c++ -c -g -O2  conftest.cpp >&5
configure:14637: $? = 0
configure:15157: checking for c++ option to produce PIC
configure:15164: result: -fPIC -DPIC
configure:15172: checking if c++ PIC flag -fPIC -DPIC works
configure:15190: c++ -c -g -O2  -fPIC -DPIC -DPIC conftest.cpp >&5
configure:15194: $? = 0
configure:15207: result: yes
configure:15230: checking if c++ static flag -static works
configure:15258: result: yes
configure:15270: checking if c++ supports -c -o file.o
configure:15291: c++ -c -g -O2  -o out/conftest2.o conftest.cpp >&5
configure:15295: $? = 0
configure:15317: result: yes
configure:15322: checking if c++ supports -c -o file.o
configure:15369: result: yes
configure:15399: checking whether the c++ linker (/usr/bin/ld -m elf_x86_64) supports shared libraries
configure:15433: result: yes
configure:15576: checking dynamic linker characteristics
configure:16250: result: GNU/Linux ld.so
configure:16303: checking how to hardcode library paths into programs
configure:16328: result: immediate
configure:16389: creating ./config.lt

## ------------------ ##
## Running config.lt. ##
## ------------------ ##
config.lt:695: creating libtool
configure:18054: checking for special C compiler options needed for large files
configure:18099: result: no
configure:18105: checking for _FILE_OFFSET_BITS value needed for large files
configure:18130: gcc -c -g -O2  conftest.c >&5
configure:18130: $? = 0
configure:18162: result: no
configure:18255: checking dependency style of gcc
configure:18363: result: gcc3
configure:18380: checking for nm
configure:18411: result: /usr/bin/nm -B
configure:18420: checking for some Win32 platform
configure:18430: result: no
configure:18822: checking whether build environment is sane
configure:18872: result: yes
configure:18994: checking for pkg-config
configure:19012: found /usr/bin/pkg-config
configure:19024: result: /usr/bin/pkg-config
configure:19049: checking pkg-config is at least version 0.9.0
configure:19052: result: yes
configure:19062: checking for BASE_DEPENDENCIES
configure:19069: $PKG_CONFIG --exists --print-errors "glib-2.0 >= 2.28.0    atk >= 1.30    pango >= 1.20    cairo >= 1.10.0    cairo-gobject >= 1.10.0    gdk-pixbuf-2.0 >= 2.22.0"
Package glib-2.0 was not found in the pkg-config search path.
Perhaps you should add the directory containing `glib-2.0.pc'
to the PKG_CONFIG_PATH environment variable
No package 'glib-2.0' found
Package atk was not found in the pkg-config search path.
Perhaps you should add the directory containing `atk.pc'
to the PKG_CONFIG_PATH environment variable
No package 'atk' found
Package pango was not found in the pkg-config search path.
Perhaps you should add the directory containing `pango.pc'
to the PKG_CONFIG_PATH environment variable
No package 'pango' found
Package cairo was not found in the pkg-config search path.
Perhaps you should add the directory containing `cairo.pc'
to the PKG_CONFIG_PATH environment variable
No package 'cairo' found
Package cairo-gobject was not found in the pkg-config search path.
Perhaps you should add the directory containing `cairo-gobject.pc'
to the PKG_CONFIG_PATH environment variable
No package 'cairo-gobject' found
Package gdk-pixbuf-2.0 was not found in the pkg-config search path.
Perhaps you should add the directory containing `gdk-pixbuf-2.0.pc'
to the PKG_CONFIG_PATH environment variable
No package 'gdk-pixbuf-2.0' found
configure:19072: $? = 1
configure:19085: $PKG_CONFIG --exists --print-errors "glib-2.0 >= 2.28.0    atk >= 1.30    pango >= 1.20    cairo >= 1.10.0    cairo-gobject >= 1.10.0    gdk-pixbuf-2.0 >= 2.22.0"
Package glib-2.0 was not found in the pkg-config search path.
Perhaps you should add the directory containing `glib-2.0.pc'
to the PKG_CONFIG_PATH environment variable
No package 'glib-2.0' found
Package atk was not found in the pkg-config search path.
Perhaps you should add the directory containing `atk.pc'
to the PKG_CONFIG_PATH environment variable
No package 'atk' found
Package pango was not found in the pkg-config search path.
Perhaps you should add the directory containing `pango.pc'
to the PKG_CONFIG_PATH environment variable
No package 'pango' found
Package cairo was not found in the pkg-config search path.
Perhaps you should add the directory containing `cairo.pc'
to the PKG_CONFIG_PATH environment variable
No package 'cairo' found
Package cairo-gobject was not found in the pkg-config search path.
Perhaps you should add the directory containing `cairo-gobject.pc'
to the PKG_CONFIG_PATH environment variable
No package 'cairo-gobject' found
Package gdk-pixbuf-2.0 was not found in the pkg-config search path.
Perhaps you should add the directory containing `gdk-pixbuf-2.0.pc'
to the PKG_CONFIG_PATH environment variable
No package 'gdk-pixbuf-2.0' found
configure:19088: $? = 1
configure:19101: result: no
No package 'glib-2.0' found
No package 'atk' found
No package 'pango' found
No package 'cairo' found
No package 'cairo-gobject' found
No package 'gdk-pixbuf-2.0' found
configure:19117: error: Package requirements (glib-2.0 >= 2.28.0    atk >= 1.30    pango >= 1.20    cairo >= 1.10.0    cairo-gobject >= 1.10.0    gdk-pixbuf-2.0 >= 2.22.0) were not met:

No package 'glib-2.0' found
No package 'atk' found
No package 'pango' found
No package 'cairo' found
No package 'cairo-gobject' found
No package 'gdk-pixbuf-2.0' found

Consider adjusting the PKG_CONFIG_PATH environment variable if you
installed software in a non-standard prefix.

Alternatively, you may set the environment variables BASE_DEPENDENCIES_CFLAGS
and BASE_DEPENDENCIES_LIBS to avoid the need to call pkg-config.
See the pkg-config man page for more details.

## ---------------- ##
## Cache variables. ##
## ---------------- ##

ac_cv_build=x86_64-unknown-linux-gnu
ac_cv_c_compiler_gnu=yes
ac_cv_cxx_compiler_gnu=yes
ac_cv_env_BASE_DEPENDENCIES_CFLAGS_set=
ac_cv_env_BASE_DEPENDENCIES_CFLAGS_value=
ac_cv_env_BASE_DEPENDENCIES_LIBS_set=
ac_cv_env_BASE_DEPENDENCIES_LIBS_value=
ac_cv_env_CAIRO_BACKEND_CFLAGS_set=
ac_cv_env_CAIRO_BACKEND_CFLAGS_value=
ac_cv_env_CAIRO_BACKEND_LIBS_set=
ac_cv_env_CAIRO_BACKEND_LIBS_value=
ac_cv_env_CCASFLAGS_set=
ac_cv_env_CCASFLAGS_value=
ac_cv_env_CCAS_set=
ac_cv_env_CCAS_value=
ac_cv_env_CCC_set=
ac_cv_env_CCC_value=
ac_cv_env_CC_set=
ac_cv_env_CC_value=
ac_cv_env_CFLAGS_set=
ac_cv_env_CFLAGS_value=
ac_cv_env_CPPFLAGS_set=
ac_cv_env_CPPFLAGS_value=
ac_cv_env_CPP_set=
ac_cv_env_CPP_value=
ac_cv_env_CXXCPP_set=
ac_cv_env_CXXCPP_value=
ac_cv_env_CXXFLAGS_set=
ac_cv_env_CXXFLAGS_value=
ac_cv_env_CXX_set=
ac_cv_env_CXX_value=
ac_cv_env_LDFLAGS_set=
ac_cv_env_LDFLAGS_value=
ac_cv_env_LIBS_set=
ac_cv_env_LIBS_value=
ac_cv_env_PKG_CONFIG_LIBDIR_set=
ac_cv_env_PKG_CONFIG_LIBDIR_value=
ac_cv_env_PKG_CONFIG_PATH_set=
ac_cv_env_PKG_CONFIG_PATH_value=
ac_cv_env_PKG_CONFIG_set=
ac_cv_env_PKG_CONFIG_value=
ac_cv_env_XMKMF_set=
ac_cv_env_XMKMF_value=
ac_cv_env_build_alias_set=
ac_cv_env_build_alias_value=
ac_cv_env_host_alias_set=
ac_cv_env_host_alias_value=
ac_cv_env_target_alias_set=
ac_cv_env_target_alias_value=
ac_cv_header_dlfcn_h=yes
ac_cv_header_inttypes_h=yes
ac_cv_header_memory_h=yes
ac_cv_header_stdc=yes
ac_cv_header_stdint_h=yes
ac_cv_header_stdlib_h=yes
ac_cv_header_string_h=yes
ac_cv_header_strings_h=yes
ac_cv_header_sys_stat_h=yes
ac_cv_header_sys_types_h=yes
ac_cv_header_unistd_h=yes
ac_cv_host=x86_64-unknown-linux-gnu
ac_cv_objext=o
ac_cv_path_EGREP='/bin/grep -E'
ac_cv_path_FGREP='/bin/grep -F'
ac_cv_path_GREP=/bin/grep
ac_cv_path_NM='/usr/bin/nm -B'
ac_cv_path_SED=/bin/sed
ac_cv_path_ac_pt_PKG_CONFIG=/usr/bin/pkg-config
ac_cv_path_install='/usr/bin/install -c'
ac_cv_path_mkdir=/bin/mkdir
ac_cv_prog_AWK=gawk
ac_cv_prog_CPP='gcc -E'
ac_cv_prog_CXXCPP='c++ -E'
ac_cv_prog_ac_ct_AR=ar
ac_cv_prog_ac_ct_CC=gcc
ac_cv_prog_ac_ct_CXX=c++
ac_cv_prog_ac_ct_MANIFEST_TOOL=mt
ac_cv_prog_ac_ct_OBJDUMP=objdump
ac_cv_prog_ac_ct_RANLIB=ranlib
ac_cv_prog_ac_ct_STRIP=strip
ac_cv_prog_cc_c89=
ac_cv_prog_cc_c99=
ac_cv_prog_cc_g=yes
ac_cv_prog_cc_gcc_c_o=yes
ac_cv_prog_cc_stdc=
ac_cv_prog_cxx_g=yes
ac_cv_prog_make_make_set=yes
ac_cv_sys_file_offset_bits=no
ac_cv_sys_largefile_CC=no
am_cv_CCAS_dependencies_compiler_type=gcc3
am_cv_CC_dependencies_compiler_type=gcc3
am_cv_CXX_dependencies_compiler_type=gcc3
lt_cv_ar_at_file=@
lt_cv_archive_cmds_need_lc=no
lt_cv_deplibs_check_method=pass_all
lt_cv_file_magic_cmd='$MAGIC_CMD'
lt_cv_file_magic_test_file=
lt_cv_ld_reload_flag=-r
lt_cv_nm_interface='BSD nm'
lt_cv_objdir=.libs
lt_cv_path_LD=/usr/bin/ld
lt_cv_path_LDCXX='/usr/bin/ld -m elf_x86_64'
lt_cv_path_NM='/usr/bin/nm -B'
lt_cv_path_mainfest_tool=no
lt_cv_prog_compiler_c_o=yes
lt_cv_prog_compiler_c_o_CXX=yes
lt_cv_prog_compiler_pic='-fPIC -DPIC'
lt_cv_prog_compiler_pic_CXX='-fPIC -DPIC'
lt_cv_prog_compiler_pic_works=yes
lt_cv_prog_compiler_pic_works_CXX=yes
lt_cv_prog_compiler_rtti_exceptions=no
lt_cv_prog_compiler_static_works=yes
lt_cv_prog_compiler_static_works_CXX=yes
lt_cv_prog_gnu_ld=yes
lt_cv_prog_gnu_ldcxx=yes
lt_cv_sharedlib_from_linklib_cmd='printf %s\n'
lt_cv_shlibpath_overrides_runpath=no
lt_cv_sys_global_symbol_pipe='sed -n -e '\''s/^.*[	 ]\([ABCDGIRSTW][ABCDGIRSTW]*\)[	 ][	 ]*\([_A-Za-z][_A-Za-z0-9]*\)$/\1 \2 \2/p'\'' | sed '\''/ __gnu_lto/d'\'''
lt_cv_sys_global_symbol_to_c_name_address='sed -n -e '\''s/^: \([^ ]*\)[ ]*$/  {\"\1\", (void *) 0},/p'\'' -e '\''s/^[ABCDGIRSTW]* \([^ ]*\) \([^ ]*\)$/  {"\2", (void *) \&\2},/p'\'''
lt_cv_sys_global_symbol_to_c_name_address_lib_prefix='sed -n -e '\''s/^: \([^ ]*\)[ ]*$/  {\"\1\", (void *) 0},/p'\'' -e '\''s/^[ABCDGIRSTW]* \([^ ]*\) \(lib[^ ]*\)$/  {"\2", (void *) \&\2},/p'\'' -e '\''s/^[ABCDGIRSTW]* \([^ ]*\) \([^ ]*\)$/  {"lib\2", (void *) \&\2},/p'\'''
lt_cv_sys_global_symbol_to_cdecl='sed -n -e '\''s/^T .* \(.*\)$/extern int \1();/p'\'' -e '\''s/^[ABCDGIRSTW]* .* \(.*\)$/extern char \1;/p'\'''
lt_cv_sys_max_cmd_len=1572864
lt_cv_to_host_file_cmd=func_convert_file_noop
lt_cv_to_tool_file_cmd=func_convert_file_noop

## ----------------- ##
## Output variables. ##
## ----------------- ##

ACLOCAL='${SHELL} /home/marvelous/Desktop/gtk+-3.0.0/missing --run aclocal-1.11'
AMDEPBACKSLASH='\'
AMDEP_FALSE='#'
AMDEP_TRUE=''
AMTAR='${SHELL} /home/marvelous/Desktop/gtk+-3.0.0/missing --run tar'
AM_BACKSLASH='\'
AM_DEFAULT_VERBOSITY='0'
AR='ar'
AS='as'
ATK_PREFIX=''
ATK_REQUIRED_VERSION='1.30'
AUTOCONF='${SHELL} /home/marvelous/Desktop/gtk+-3.0.0/missing --run autoconf'
AUTOHEADER='${SHELL} /home/marvelous/Desktop/gtk+-3.0.0/missing --run autoheader'
AUTOMAKE='${SHELL} /home/marvelous/Desktop/gtk+-3.0.0/missing --run automake-1.11'
AWK='gawk'
BASE_DEPENDENCIES_CFLAGS=''
BASE_DEPENDENCIES_LIBS=''
BUILD_DYNAMIC_MODULES_FALSE=''
BUILD_DYNAMIC_MODULES_TRUE=''
BUILD_ICON_CACHE_FALSE='#'
BUILD_ICON_CACHE_TRUE=''
CAIRO_BACKEND_CFLAGS=''
CAIRO_BACKEND_LIBS=''
CAIRO_PREFIX=''
CAIRO_REQUIRED_VERSION='1.10.0'
CATALOGS=''
CATOBJEXT=''
CC='gcc'
CCAS='gcc'
CCASDEPMODE='depmode=gcc3'
CCASFLAGS='-g -O2'
CCDEPMODE='depmode=gcc3'
CFLAGS='-g -O2 -Wall'
CPP='gcc -E'
CPPFLAGS=' -DG_DISABLE_SINGLE_INCLUDES -DATK_DISABLE_SINGLE_INCLUDES'
CROSS_COMPILING_FALSE=''
CROSS_COMPILING_TRUE=''
CUPS_API_MAJOR=''
CUPS_API_MINOR=''
CUPS_CFLAGS=''
CUPS_CONFIG=''
CUPS_LIBS=''
CXX='c++'
CXXCPP='c++ -E'
CXXDEPMODE='depmode=gcc3'
CXXFLAGS='-g -O2'
CYGPATH_W='echo'
DATADIRNAME=''
DB2HTML=''
DEFS=''
DEPDIR='.deps'
DISABLE_EXPLICIT_DEPS_FALSE=''
DISABLE_EXPLICIT_DEPS_TRUE=''
DLLTOOL='false'
DSYMUTIL=''
DUMPBIN=''
ECHO_C=''
ECHO_N='-n'
ECHO_T=''
EGREP='/bin/grep -E'
ENABLE_GTK_DOC_FALSE=''
ENABLE_GTK_DOC_TRUE=''
ENABLE_MAN_FALSE=''
ENABLE_MAN_TRUE=''
ENABLE_PACKAGEKIT_FALSE=''
ENABLE_PACKAGEKIT_TRUE=''
EXEEXT=''
EXE_MANIFEST_ARCHITECTURE='X86'
FGREP='/bin/grep -F'
GAIL_INET_LIBS=''
GAIL_LT_CURRENT_MINUS_AGE='0'
GAIL_LT_VERSION_INFO='0:0:0'
GDK_BACKENDS='x11'
GDK_DEP_CFLAGS=''
GDK_DEP_LIBS=''
GDK_EXTRA_CFLAGS=''
GDK_EXTRA_LIBS=''
GDK_PACKAGES=''
GDK_PIXBUF_CSOURCE=''
GDK_PIXBUF_LIBS=''
GDK_PIXBUF_REQUIRED_VERSION='2.22.0'
GETTEXT_PACKAGE='gtk30'
GLIB_CFLAGS=''
GLIB_COMPILE_SCHEMAS=''
GLIB_GENMARSHAL=''
GLIB_LIBS=''
GLIB_MKENUMS=''
GLIB_PREFIX=''
GLIB_REQUIRED_VERSION='2.28.0'
GMOFILES=''
GMSGFMT=''
GOBJECT_QUERY=''
GREP='/bin/grep'
GSETTINGS_DISABLE_SCHEMAS_COMPILE=''
GSETTINGS_RULES=''
GTKDOC_CHECK=''
GTKDOC_MKPDF=''
GTKDOC_REBASE=''
GTK_API_VERSION='3.0'
GTK_BINARY_AGE='0'
GTK_BINARY_VERSION='3.0.0'
GTK_DEBUG_FLAGS='-DG_DISABLE_CAST_CHECKS'
GTK_DEP_CFLAGS=''
GTK_DEP_LIBS=''
GTK_DOC_BUILD_HTML_FALSE=''
GTK_DOC_BUILD_HTML_TRUE=''
GTK_DOC_BUILD_PDF_FALSE=''
GTK_DOC_BUILD_PDF_TRUE=''
GTK_DOC_USE_LIBTOOL_FALSE=''
GTK_DOC_USE_LIBTOOL_TRUE=''
GTK_DOC_USE_REBASE_FALSE=''
GTK_DOC_USE_REBASE_TRUE=''
GTK_EXTRA_CFLAGS=''
GTK_EXTRA_LIBS=''
GTK_INTERFACE_AGE='0'
GTK_LINK_FLAGS=''
GTK_MAJOR_VERSION='3'
GTK_MICRO_VERSION='0'
GTK_MINOR_VERSION='0'
GTK_PACKAGES=''
GTK_UPDATE_ICON_CACHE=''
GTK_VERSION='3.0.0'
GTK_XIM_FLAGS=''
HAVE_CUPS_FALSE=''
HAVE_CUPS_TRUE=''
HAVE_CXX_FALSE='#'
HAVE_CXX_TRUE=''
HAVE_DOCBOOK_FALSE=''
HAVE_DOCBOOK_TRUE=''
HAVE_HTTP_AUTHSTRING=''
HAVE_INCLUDED_IMMMODULES_FALSE=''
HAVE_INCLUDED_IMMMODULES_TRUE=''
HAVE_INTROSPECTION_FALSE=''
HAVE_INTROSPECTION_TRUE=''
HAVE_OBJC_FALSE=''
HAVE_OBJC_TRUE='#'
HAVE_PAPI_CUPS_FALSE=''
HAVE_PAPI_CUPS_TRUE=''
HAVE_PAPI_FALSE=''
HAVE_PAPI_TRUE=''
HAVE_X11R6_FALSE=''
HAVE_X11R6_TRUE=''
HTML_DIR=''
INCLUDED_IMMODULE_DEFINE=''
INCLUDED_IMMODULE_OBJ=''
INCLUDE_IM_AM_ET_FALSE=''
INCLUDE_IM_AM_ET_TRUE=''
INCLUDE_IM_CEDILLA_FALSE=''
INCLUDE_IM_CEDILLA_TRUE=''
INCLUDE_IM_CYRILLIC_TRANSLIT_FALSE=''
INCLUDE_IM_CYRILLIC_TRANSLIT_TRUE=''
INCLUDE_IM_IME_FALSE=''
INCLUDE_IM_IME_TRUE=''
INCLUDE_IM_INUKTITUT_FALSE=''
INCLUDE_IM_INUKTITUT_TRUE=''
INCLUDE_IM_IPA_FALSE=''
INCLUDE_IM_IPA_TRUE=''
INCLUDE_IM_MULTIPRESS_FALSE=''
INCLUDE_IM_MULTIPRESS_TRUE=''
INCLUDE_IM_THAI_FALSE=''
INCLUDE_IM_THAI_TRUE=''
INCLUDE_IM_TI_ER_FALSE=''
INCLUDE_IM_TI_ER_TRUE=''
INCLUDE_IM_TI_ET_FALSE=''
INCLUDE_IM_TI_ET_TRUE=''
INCLUDE_IM_VIQR_FALSE=''
INCLUDE_IM_VIQR_TRUE=''
INCLUDE_IM_XIM_FALSE=''
INCLUDE_IM_XIM_TRUE=''
INDENT=''
INSTALL_DATA='${INSTALL} -m 644'
INSTALL_PROGRAM='${INSTALL}'
INSTALL_SCRIPT='${INSTALL}'
INSTALL_STRIP_PROGRAM='$(install_sh) -c -s'
INSTOBJEXT=''
INTLLIBS=''
INTROSPECTION_CFLAGS=''
INTROSPECTION_COMPILER=''
INTROSPECTION_GENERATE=''
INTROSPECTION_GIRDIR=''
INTROSPECTION_LIBS=''
INTROSPECTION_MAKEFILE=''
INTROSPECTION_REQUIRED_VERSION='0.10.1'
INTROSPECTION_SCANNER=''
INTROSPECTION_TYPELIBDIR=''
LD='/usr/bin/ld -m elf_x86_64'
LDFLAGS=''
LIBOBJS=''
LIBS=''
LIBTOOL='$(SHELL) $(top_builddir)/libtool'
LIBTOOL_EXPORT_OPTIONS=''
LIB_EXE_MACHINE_FLAG='X86'
LIPO=''
LN_S='ln -s'
LTLIBOBJS=''
LT_CURRENT_MINUS_AGE='0'
LT_VERSION_INFO='0:0:0'
MAINT=''
MAINTAINER_MODE_FALSE='#'
MAINTAINER_MODE_TRUE=''
MAKEINFO='${SHELL} /home/marvelous/Desktop/gtk+-3.0.0/missing --run makeinfo'
MANIFEST_TOOL=':'
MATH_LIB='-lm'
MKDIR_P='/bin/mkdir -p'
MKINSTALLDIRS=''
MSGFMT=''
MSGFMT_OPTS=''
MS_LIB_AVAILABLE_FALSE=''
MS_LIB_AVAILABLE_TRUE='#'
NM='/usr/bin/nm -B'
NMEDIT=''
OBJDUMP='objdump'
OBJEXT='o'
OS_LINUX_FALSE='#'
OS_LINUX_TRUE=''
OS_UNIX_FALSE='#'
OS_UNIX_TRUE=''
OS_WIN32_FALSE=''
OS_WIN32_TRUE='#'
OTOOL64=''
OTOOL=''
PACKAGE='gtk+'
PACKAGE_BUGREPORT='http://bugzilla.gnome.org/enter_bug.cgi?product=gtk%2B'
PACKAGE_NAME='gtk+'
PACKAGE_STRING='gtk+ 3.0.0'
PACKAGE_TARNAME='gtk+'
PACKAGE_URL=''
PACKAGE_VERSION='3.0.0'
PANGO_PREFIX=''
PANGO_REQUIRED_VERSION='1.20'
PATH_SEPARATOR=':'
PERL=''
PKG_CONFIG='/usr/bin/pkg-config'
PKG_CONFIG_LIBDIR=''
PKG_CONFIG_PATH=''
PLATFORM_WIN32_FALSE=''
PLATFORM_WIN32_TRUE='#'
POFILES=''
POSUB=''
PO_IN_DATADIR_FALSE=''
PO_IN_DATADIR_TRUE=''
RANLIB='ranlib'
REBUILD=''
SED='/bin/sed'
SET_MAKE=''
SHELL='/bin/bash'
STRIP='strip'
TEST_PRINT_BACKEND_FALSE=''
TEST_PRINT_BACKEND_TRUE=''
USE_EXTERNAL_ICON_CACHE_FALSE=''
USE_EXTERNAL_ICON_CACHE_TRUE=''
USE_NLS=''
USE_QUARTZ_FALSE=''
USE_QUARTZ_TRUE='#'
USE_WIN32_FALSE=''
USE_WIN32_TRUE='#'
USE_X11_FALSE=''
USE_X11_TRUE=''
VERSION='3.0.0'
WINDRES=''
XGETTEXT=''
XINPUT_2_FALSE=''
XINPUT_2_TRUE=''
XINPUT_XFREE_FALSE=''
XINPUT_XFREE_TRUE=''
XMKMF=''
XMLCATALOG=''
XML_CATALOG_FILE=''
XSLTPROC=''
X_CFLAGS=''
X_EXTRA_LIBS=''
X_LIBS=''
X_PRE_LIBS=''
ac_ct_AR='ar'
ac_ct_CC='gcc'
ac_ct_CXX='c++'
ac_ct_DUMPBIN=''
am__EXEEXT_FALSE=''
am__EXEEXT_TRUE=''
am__fastdepCCAS_FALSE='#'
am__fastdepCCAS_TRUE=''
am__fastdepCC_FALSE='#'
am__fastdepCC_TRUE=''
am__fastdepCXX_FALSE='#'
am__fastdepCXX_TRUE=''
am__include='include'
am__isrc=''
am__leading_dot='.'
am__quote=''
am__tar='${AMTAR} chof - "$$tardir"'
am__untar='${AMTAR} xf -'
bindir='${exec_prefix}/bin'
build='x86_64-unknown-linux-gnu'
build_alias=''
build_cpu='x86_64'
build_os='linux-gnu'
build_vendor='unknown'
datadir='${datarootdir}'
datarootdir='${prefix}/share'
docdir='${datarootdir}/doc/${PACKAGE_TARNAME}'
dvidir='${docdir}'
exec_prefix='NONE'
gsettingsschemadir=''
host='x86_64-unknown-linux-gnu'
host_alias=''
host_cpu='x86_64'
host_os='linux-gnu'
host_vendor='unknown'
htmldir='${docdir}'
includedir='${prefix}/include'
infodir='${datarootdir}/info'
install_sh='${SHELL} /home/marvelous/Desktop/gtk+-3.0.0/install-sh'
libdir='${exec_prefix}/lib'
libexecdir='${exec_prefix}/libexec'
localedir='${datarootdir}/locale'
localstatedir='${prefix}/var'
mandir='${datarootdir}/man'
mkdir_p='/bin/mkdir -p'
ms_librarian=''
oldincludedir='/usr/include'
pdfdir='${docdir}'
prefix='NONE'
program_transform_name='s,x,x,'
psdir='${docdir}'
sbindir='${exec_prefix}/sbin'
sharedstatedir='${prefix}/com'
sysconfdir='${prefix}/etc'
target_alias=''

## ----------- ##
## confdefs.h. ##
## ----------- ##

/* confdefs.h */
#define PACKAGE_NAME "gtk+"
#define PACKAGE_TARNAME "gtk+"
#define PACKAGE_VERSION "3.0.0"
#define PACKAGE_STRING "gtk+ 3.0.0"
#define PACKAGE_BUGREPORT "http://bugzilla.gnome.org/enter_bug.cgi?product=gtk%2B"
#define PACKAGE_URL ""
#define GETTEXT_PACKAGE "gtk30"
#define STDC_HEADERS 1
#define HAVE_SYS_TYPES_H 1
#define HAVE_SYS_STAT_H 1
#define HAVE_STDLIB_H 1
#define HAVE_STRING_H 1
#define HAVE_MEMORY_H 1
#define HAVE_STRINGS_H 1
#define HAVE_INTTYPES_H 1
#define HAVE_STDINT_H 1
#define HAVE_UNISTD_H 1
#define HAVE_DLFCN_H 1
#define LT_OBJDIR ".libs/"
#define GTK_COMPILED_WITH_DEBUGGING "minimum"

configure: exit 1
